c:\users\sdhawane\source\repos\raylib_poker\raylib_poker\x64\release\vc142.pdb
c:\users\sdhawane\source\repos\raylib_poker\raylib_poker\x64\release\welcomepage.obj
c:\users\sdhawane\source\repos\raylib_poker\raylib_poker\x64\release\table.obj
c:\users\sdhawane\source\repos\raylib_poker\raylib_poker\x64\release\player.obj
c:\users\sdhawane\source\repos\raylib_poker\raylib_poker\x64\release\mainmenu.obj
c:\users\sdhawane\source\repos\raylib_poker\raylib_poker\x64\release\deck.obj
c:\users\sdhawane\source\repos\raylib_poker\raylib_poker\x64\release\cards.obj
c:\users\sdhawane\source\repos\raylib_poker\raylib_poker\x64\release\menupage.obj
c:\users\sdhawane\source\repos\raylib_poker\raylib_poker\x64\release\main.obj
c:\users\sdhawane\source\repos\raylib_poker\raylib_poker\x64\release\initgame.obj
c:\users\sdhawane\source\repos\raylib_poker\raylib_poker\x64\release\ingamepage.obj
c:\users\sdhawane\source\repos\raylib_poker\raylib_poker\x64\release\endingpage.obj
c:\users\sdhawane\source\repos\raylib_poker\raylib_poker\x64\release\sqlite3.obj
c:\users\sdhawane\source\repos\raylib_poker\x64\release\raylib_poker.exe
c:\users\sdhawane\source\repos\raylib_poker\raylib_poker\x64\release\raylib_poker.ipdb
c:\users\sdhawane\source\repos\raylib_poker\raylib_poker\x64\release\raylib_poker.iobj
c:\users\sdhawane\source\repos\raylib_poker\x64\release\raylib_poker.pdb
c:\users\sdhawane\source\repos\raylib_poker\raylib_poker\x64\release\cards.nativecodeanalysis.xml
c:\users\sdhawane\source\repos\raylib_poker\raylib_poker\x64\release\deck.nativecodeanalysis.xml
c:\users\sdhawane\source\repos\raylib_poker\raylib_poker\x64\release\endingpage.nativecodeanalysis.xml
c:\users\sdhawane\source\repos\raylib_poker\raylib_poker\x64\release\ingamepage.nativecodeanalysis.xml
c:\users\sdhawane\source\repos\raylib_poker\raylib_poker\x64\release\initgame.nativecodeanalysis.xml
c:\users\sdhawane\source\repos\raylib_poker\raylib_poker\x64\release\main.nativecodeanalysis.xml
c:\users\sdhawane\source\repos\raylib_poker\raylib_poker\x64\release\mainmenu.nativecodeanalysis.xml
c:\users\sdhawane\source\repos\raylib_poker\raylib_poker\x64\release\menupage.nativecodeanalysis.xml
c:\users\sdhawane\source\repos\raylib_poker\raylib_poker\x64\release\player.nativecodeanalysis.xml
c:\users\sdhawane\source\repos\raylib_poker\raylib_poker\x64\release\sqlite3.nativecodeanalysis.xml
c:\users\sdhawane\source\repos\raylib_poker\raylib_poker\x64\release\table.nativecodeanalysis.xml
c:\users\sdhawane\source\repos\raylib_poker\raylib_poker\x64\release\vc.nativecodeanalysis.all.xml
c:\users\sdhawane\source\repos\raylib_poker\raylib_poker\x64\release\welcomepage.nativecodeanalysis.xml
c:\users\sdhawane\source\repos\raylib_poker\raylib_poker\x64\release\raylib_poker.tlog\cl.command.1.tlog
c:\users\sdhawane\source\repos\raylib_poker\raylib_poker\x64\release\raylib_poker.tlog\cl.read.1.tlog
c:\users\sdhawane\source\repos\raylib_poker\raylib_poker\x64\release\raylib_poker.tlog\cl.write.1.tlog
c:\users\sdhawane\source\repos\raylib_poker\raylib_poker\x64\release\raylib_poker.tlog\link.command.1.tlog
c:\users\sdhawane\source\repos\raylib_poker\raylib_poker\x64\release\raylib_poker.tlog\link.read.1.tlog
c:\users\sdhawane\source\repos\raylib_poker\raylib_poker\x64\release\raylib_poker.tlog\link.write.1.tlog
