  EndingPage.cpp
C:\Users\sdhawane\source\repos\Raylib_Poker\Raylib_Poker\EndingPage.cpp(34,20): warning C4018: '<': signed/unsigned mismatch
C:\Users\sdhawane\source\repos\Raylib_Poker\Raylib_Poker\EndingPage.cpp(41,20): warning C4018: '<': signed/unsigned mismatch
  InGamePage.cpp
C:\Users\sdhawane\source\repos\Raylib_Poker\Raylib_Poker\InGamePage.cpp(70,20): warning C4018: '<': signed/unsigned mismatch
  InitGame.cpp
  Main.cpp
  MenuPage.cpp
  Cards.cpp
  Deck.cpp
  MainMenu.cpp
  Player.cpp
  Table.cpp
C:\Users\sdhawane\source\repos\Raylib_Poker\Raylib_Poker\PokerNew\Table.cpp(104,20): warning C4018: '<': signed/unsigned mismatch
  WelcomePage.cpp
  Generating Code...
LINK : warning LNK4098: defaultlib 'MSVCRT' conflicts with use of other libs; use /NODEFAULTLIB:library
InitGame.obj : error LNK2019: unresolved external symbol _sqlite3_close referenced in function "public: __thiscall InitGame::InitGame(void)" (??0InitGame@@QAE@XZ)
InitGame.obj : error LNK2019: unresolved external symbol _sqlite3_open referenced in function "public: __thiscall InitGame::InitGame(void)" (??0InitGame@@QAE@XZ)
InitGame.obj : error LNK2019: unresolved external symbol _sqlite3_errmsg referenced in function "public: __thiscall InitGame::InitGame(void)" (??0InitGame@@QAE@XZ)
C:\Users\sdhawane\source\repos\Raylib_Poker\Debug\Raylib_Poker.exe : fatal error LNK1120: 3 unresolved externals
